<?xml version="1.0" encoding="UTF-8"?>
<testsuite xmlns:xsi="http://www.w3.org/2001/XMLSchema-instance" xsi:noNamespaceSchemaLocation="https://maven.apache.org/surefire/maven-surefire-plugin/xsd/surefire-test-report.xsd" name="StepDefinations.TestRunner" time="7.376" tests="1" errors="1" skipped="0" failures="0">
  <properties>
[...]
</properties>
  <testcase name="Check account creation functionality" classname="Jaba Talks Application" time="6.038">
    <error message="unknown error: cannot determine loading status&#10;from disconnected: received Inspector.detached event&#10;  (Session info: chrome=97.0.4692.99)&#10;Build info: version: &apos;4.1.2&apos;, revision: &apos;9a5a329c5a&apos;&#10;System info: host: &apos;LAPTOP-17DB1J3K&apos;, ip: &apos;192.168.29.93&apos;, os.name: &apos;Windows 11&apos;, os.arch: &apos;amd64&apos;, os.version: &apos;10.0&apos;, java.version: &apos;17.0.2&apos;&#10;Driver info: org.openqa.selenium.chrome.ChromeDriver&#10;Command: [b7d176a2f23f35fe98fdda1253179e27, get {url=http://jt-dev.azurewebsites.net/#/SignUp}]&#10;Capabilities {acceptInsecureCerts: false, browserName: chrome, browserVersion: 97.0.4692.99, chrome: {chromedriverVersion: 97.0.4692.71 (adefa7837d02a..., userDataDir: C:\Users\KISHAN~1\AppData\L...}, goog:chromeOptions: {debuggerAddress: localhost:6904}, javascriptEnabled: true, networkConnectionEnabled: false, pageLoadStrategy: normal, platform: WINDOWS, platformName: WINDOWS, proxy: Proxy(), se:cdp: ws://localhost:6904/devtool..., se:cdpVersion: 97.0.4692.99, setWindowRect: true, strictFileInteractability: false, timeouts: {implicit: 0, pageLoad: 300000, script: 30000}, unhandledPromptBehavior: dismiss and notify, webauthn:extension:credBlob: true, webauthn:extension:largeBlob: true, webauthn:virtualAuthenticators: true}&#10;Session ID: b7d176a2f23f35fe98fdda1253179e27" type="org.openqa.selenium.WebDriverException">org.openqa.selenium.WebDriverException: 
unknown error: cannot determine loading status
from disconnected: received Inspector.detached event
  (Session info: chrome=97.0.4692.99)
Build info: version: '4.1.2', revision: '9a5a329c5a'
System info: host: 'LAPTOP-17DB1J3K', ip: '192.168.29.93', os.name: 'Windows 11', os.arch: 'amd64', os.version: '10.0', java.version: '17.0.2'
Driver info: org.openqa.selenium.chrome.ChromeDriver
Command: [b7d176a2f23f35fe98fdda1253179e27, get {url=http://jt-dev.azurewebsites.net/#/SignUp}]
Capabilities {acceptInsecureCerts: false, browserName: chrome, browserVersion: 97.0.4692.99, chrome: {chromedriverVersion: 97.0.4692.71 (adefa7837d02a..., userDataDir: C:\Users\KISHAN~1\AppData\L...}, goog:chromeOptions: {debuggerAddress: localhost:6904}, javascriptEnabled: true, networkConnectionEnabled: false, pageLoadStrategy: normal, platform: WINDOWS, platformName: WINDOWS, proxy: Proxy(), se:cdp: ws://localhost:6904/devtool..., se:cdpVersion: 97.0.4692.99, setWindowRect: true, strictFileInteractability: false, timeouts: {implicit: 0, pageLoad: 300000, script: 30000}, unhandledPromptBehavior: dismiss and notify, webauthn:extension:credBlob: true, webauthn:extension:largeBlob: true, webauthn:virtualAuthenticators: true}
Session ID: b7d176a2f23f35fe98fdda1253179e27
</error>
    <system-out><![CDATA[
Scenario Outline: Check account creation functionality  # src/test/resources/Features/CreateAccount.feature:17
  Given Launch the URL                                  # StepDefinations.CreateAccount.launch_the_url()
      org.openqa.selenium.WebDriverException: unknown error: cannot determine loading status
from disconnected: received Inspector.detached event
  (Session info: chrome=97.0.4692.99)
Build info: version: '4.1.2', revision: '9a5a329c5a'
System info: host: 'LAPTOP-17DB1J3K', ip: '192.168.29.93', os.name: 'Windows 11', os.arch: 'amd64', os.version: '10.0', java.version: '17.0.2'
Driver info: org.openqa.selenium.chrome.ChromeDriver
Command: [b7d176a2f23f35fe98fdda1253179e27, get {url=http://jt-dev.azurewebsites.net/#/SignUp}]
Capabilities {acceptInsecureCerts: false, browserName: chrome, browserVersion: 97.0.4692.99, chrome: {chromedriverVersion: 97.0.4692.71 (adefa7837d02a..., userDataDir: C:\Users\KISHAN~1\AppData\L...}, goog:chromeOptions: {debuggerAddress: localhost:6904}, javascriptEnabled: true, networkConnectionEnabled: false, pageLoadStrategy: normal, platform: WINDOWS, platformName: WINDOWS, proxy: Proxy(), se:cdp: ws://localhost:6904/devtool..., se:cdpVersion: 97.0.4692.99, setWindowRect: true, strictFileInteractability: false, timeouts: {implicit: 0, pageLoad: 300000, script: 30000}, unhandledPromptBehavior: dismiss and notify, webauthn:extension:credBlob: true, webauthn:extension:largeBlob: true, webauthn:virtualAuthenticators: true}
Session ID: b7d176a2f23f35fe98fdda1253179e27
	at java.base/jdk.internal.reflect.NativeConstructorAccessorImpl.newInstance0(Native Method)
	at java.base/jdk.internal.reflect.NativeConstructorAccessorImpl.newInstance(NativeConstructorAccessorImpl.java:77)
	at java.base/jdk.internal.reflect.DelegatingConstructorAccessorImpl.newInstance(DelegatingConstructorAccessorImpl.java:45)
	at java.base/java.lang.reflect.Constructor.newInstanceWithCaller(Constructor.java:499)
	at java.base/java.lang.reflect.Constructor.newInstance(Constructor.java:480)
	at org.openqa.selenium.remote.codec.w3c.W3CHttpResponseCodec.createException(W3CHttpResponseCodec.java:200)
	at org.openqa.selenium.remote.codec.w3c.W3CHttpResponseCodec.decode(W3CHttpResponseCodec.java:133)
	at org.openqa.selenium.remote.codec.w3c.W3CHttpResponseCodec.decode(W3CHttpResponseCodec.java:53)
	at org.openqa.selenium.remote.HttpCommandExecutor.execute(HttpCommandExecutor.java:184)
	at org.openqa.selenium.remote.service.DriverCommandExecutor.invokeExecute(DriverCommandExecutor.java:167)
	at org.openqa.selenium.remote.service.DriverCommandExecutor.execute(DriverCommandExecutor.java:142)
	at org.openqa.selenium.remote.RemoteWebDriver.execute(RemoteWebDriver.java:558)
	at org.openqa.selenium.remote.RemoteWebDriver.get(RemoteWebDriver.java:327)
	at org.openqa.selenium.remote.RemoteWebDriver$RemoteNavigation.to(RemoteWebDriver.java:1013)
	at utilities.BaseClass.set_driver(BaseClass.java:20)
	at StepDefinations.CreateAccount.launch_the_url(CreateAccount.java:24)
	at âœ½.Launch the URL(file:///C:/Users/Kishan%20Jajware/eclipse-workspace/Jaba_Talks/src/test/resources/Features/CreateAccount.feature:5)

  And Verify if dropdown has "English" and "Dutch"      # StepDefinations.CreateAccount.verify_if_dropdown_has_and(java.lang.String,java.lang.String)
  When user enters "Kumari Raina" in full name text box # StepDefinations.CreateAccount.user_enters_in_full_name_text_box(java.lang.String)
  And "CTS" in organization name text box               # StepDefinations.CreateAccount.in_organization_name_text_box(java.lang.String)
  And "raina@g.com" in Email text box                   # StepDefinations.CreateAccount.in_email_text_box(java.lang.String)
  Then Click on agree check box                         # StepDefinations.CreateAccount.click_on_agree_check_box()
  And Click on Get Started button                       # StepDefinations.CreateAccount.click_on_get_started_button()
  And Verify if email send message is displayed         # StepDefinations.CreateAccount.verify_if_email_send_message_is_displayed()
]]></system-out>
    <system-err><![CDATA[SLF4J: Failed to load class "org.slf4j.impl.StaticLoggerBinder".
SLF4J: Defaulting to no-operation (NOP) logger implementation
SLF4J: See http://www.slf4j.org/codes.html#StaticLoggerBinder for further details.
Starting ChromeDriver 97.0.4692.71 (adefa7837d02a07a604c1e6eff0b3a09422ab88d-refs/branch-heads/4692@{#1247}) on port 58364
Only local connections are allowed.
Please see https://chromedriver.chromium.org/security-considerations for suggestions on keeping ChromeDriver safe.
ChromeDriver was started successfully.
Feb 27, 2022 7:21:32 PM org.openqa.selenium.remote.ProtocolHandshake createSession
INFO: Detected dialect: W3C
Feb 27, 2022 7:21:32 PM org.openqa.selenium.devtools.CdpVersionFinder findNearestMatch
INFO: Found exact CDP implementation for version 97
]]></system-err>
  </testcase>
</testsuite>